#
# There is insufficient memory for the Java Runtime Environment to continue.
# Native memory allocation (malloc) failed to allocate 1048576 bytes. Error detail: AllocateHeap
# Possible reasons:
#   The system is out of physical RAM or swap space
#   This process is running with CompressedOops enabled, and the Java Heap may be blocking the growth of the native heap
# Possible solutions:
#   Reduce memory load on the system
#   Increase physical memory or swap space
#   Check if swap backing store is full
#   Decrease Java heap size (-Xmx/-Xms)
#   Decrease number of Java threads
#   Decrease Java thread stack sizes (-Xss)
#   Set larger code cache with -XX:ReservedCodeCacheSize=
#   JVM is running with Unscaled Compressed Oops mode in which the Java heap is
#     placed in the first 4GB address space. The Java Heap base address is the
#     maximum limit for the native heap growth. Please use -XX:HeapBaseMinAddress
#     to set the Java Heap base and to place the Java Heap above 4GB virtual address.
# This output file may be truncated or incomplete.
#
#  Out of Memory Error (allocation.cpp:44), pid=14856, tid=37956
#
# JRE version: OpenJDK Runtime Environment Temurin-21.0.9+10 (21.0.9+10) (build 21.0.9+10-LTS)
# Java VM: OpenJDK 64-Bit Server VM Temurin-21.0.9+10 (21.0.9+10-LTS, mixed mode, sharing, tiered, compressed oops, compressed class ptrs, parallel gc, windows-amd64)
# No core dump will be written. Minidumps are not enabled by default on client versions of Windows
#

---------------  S U M M A R Y ------------

Command Line: --add-modules=ALL-SYSTEM --add-opens=java.base/java.util=ALL-UNNAMED --add-opens=java.base/java.lang=ALL-UNNAMED --add-opens=java.base/sun.nio.fs=ALL-UNNAMED -Declipse.application=org.eclipse.jdt.ls.core.id1 -Dosgi.bundles.defaultStartLevel=4 -Declipse.product=org.eclipse.jdt.ls.core.product -Djava.import.generatesMetadataFilesAtProjectRoot=false -DDetectVMInstallationsJob.disabled=true -Dfile.encoding=utf8 -XX:+UseParallelGC -XX:GCTimeRatio=4 -XX:AdaptiveSizePolicyWeight=90 -Dsun.zip.disableMemoryMapping=true -Xmx2G -Xms100m -Xlog:disable -javaagent:c:\Users\Dell\.vscode\extensions\redhat.java-1.50.0-win32-x64\lombok\lombok-1.18.39-4050.jar -XX:+HeapDumpOnOutOfMemoryError -XX:HeapDumpPath=c:\Users\Dell\AppData\Roaming\Code\User\workspaceStorage\0c53051756315096c60e39baff050304\redhat.java -Daether.dependencyCollector.impl=bf c:\Users\Dell\.vscode\extensions\redhat.java-1.50.0-win32-x64\server\plugins\org.eclipse.equinox.launcher_1.7.100.v20251111-0406.jar -configuration c:\Users\Dell\AppData\Roaming\Code\User\globalStorage\redhat.java\1.50.0\config_win -data c:\Users\Dell\AppData\Roaming\Code\User\workspaceStorage\0c53051756315096c60e39baff050304\redhat.java\jdt_ws --pipe=\\.\pipe\lsp-380706c3eed7572ee3068078f6f4f74b-sock

Host: 12th Gen Intel(R) Core(TM) i5-1235U, 12 cores, 15G,  Windows 11 , 64 bit Build 26100 (10.0.26100.7019)
Time: Mon Dec  1 22:46:16 2025 India Standard Time elapsed time: 301.833295 seconds (0d 0h 5m 1s)

---------------  T H R E A D  ---------------

Current thread (0x000001a368007010):  JavaThread "Attach Listener" daemon [_thread_in_vm, id=37956, stack(0x0000003e97b00000,0x0000003e97c00000) (1024K)]

Stack: [0x0000003e97b00000,0x0000003e97c00000]
Native frames: (J=compiled Java code, j=interpreted, Vv=VM code, C=native code)
V  [jvm.dll+0x6d6e29]
V  [jvm.dll+0x8b4b76]
V  [jvm.dll+0x8b712e]
V  [jvm.dll+0x8b7813]
V  [jvm.dll+0x283d86]
V  [jvm.dll+0xc1277]
V  [jvm.dll+0x6d76d9]
V  [jvm.dll+0x133466]
V  [jvm.dll+0x3f7ea6]
V  [jvm.dll+0x85e9ad]
V  [jvm.dll+0x6d565d]
C  [ucrtbase.dll+0x37b0]
C  [KERNEL32.DLL+0x2e8d7]
C  [ntdll.dll+0x8c53c]


---------------  P R O C E S S  ---------------

Threads class SMR info:
_java_thread_list=0x000001a36bbdd4f0, length=53, elements={
0x000001a30a57c840, 0x000001a368000290, 0x000001a368003610, 0x000001a368006290,
0x000001a368007010, 0x000001a36800ba90, 0x000001a368011710, 0x000001a368017f30,
0x000001a368045350, 0x000001a36822c950, 0x000001a3684ebc30, 0x000001a368e70470,
0x000001a368e605b0, 0x000001a36914d330, 0x000001a368ec59f0, 0x000001a3693b8090,
0x000001a36925aa30, 0x000001a36882f930, 0x000001a3687cc680, 0x000001a3692ec130,
0x000001a3692eef20, 0x000001a3692edb70, 0x000001a3692ef5b0, 0x000001a36c30de50,
0x000001a36c30d7c0, 0x000001a36c30bd80, 0x000001a36c30caa0, 0x000001a36c30e4e0,
0x000001a36c30b060, 0x000001a36c30eb70, 0x000001a36c30c410, 0x000001a36c30d130,
0x000001a36c30b6f0, 0x000001a36c30ff20, 0x000001a36c311ff0, 0x000001a36c3112d0,
0x000001a36c30f890, 0x000001a36c311960, 0x000001a36c310c40, 0x000001a3692ee200,
0x000001a36d432040, 0x000001a36d431320, 0x000001a36d4347a0, 0x000001a36d4326d0,
0x000001a36d434110, 0x000001a36d433a80, 0x000001a36d4361e0, 0x000001a36d436f00,
0x000001a36d436870, 0x000001a36d4354c0, 0x000001a36d437590, 0x000001a36d1006e0,
0x000001a36d100050
}

Java Threads: ( => current thread )
  0x000001a30a57c840 JavaThread "main"                              [_thread_blocked, id=30632, stack(0x0000003e97400000,0x0000003e97500000) (1024K)]
  0x000001a368000290 JavaThread "Reference Handler"          daemon [_thread_blocked, id=26164, stack(0x0000003e97800000,0x0000003e97900000) (1024K)]
  0x000001a368003610 JavaThread "Finalizer"                  daemon [_thread_blocked, id=24364, stack(0x0000003e97900000,0x0000003e97a00000) (1024K)]
  0x000001a368006290 JavaThread "Signal Dispatcher"          daemon [_thread_blocked, id=36268, stack(0x0000003e97a00000,0x0000003e97b00000) (1024K)]
=>0x000001a368007010 JavaThread "Attach Listener"            daemon [_thread_in_vm, id=37956, stack(0x0000003e97b00000,0x0000003e97c00000) (1024K)]
  0x000001a36800ba90 JavaThread "Service Thread"             daemon [_thread_blocked, id=29948, stack(0x0000003e97c00000,0x0000003e97d00000) (1024K)]
  0x000001a368011710 JavaThread "Monitor Deflation Thread"   daemon [_thread_blocked, id=20568, stack(0x0000003e97d00000,0x0000003e97e00000) (1024K)]
  0x000001a368017f30 JavaThread "C2 CompilerThread0"         daemon [_thread_blocked, id=29848, stack(0x0000003e97e00000,0x0000003e97f00000) (1024K)]
  0x000001a368045350 JavaThread "C1 CompilerThread0"         daemon [_thread_blocked, id=32468, stack(0x0000003e97f00000,0x0000003e98000000) (1024K)]
  0x000001a36822c950 JavaThread "Common-Cleaner"             daemon [_thread_blocked, id=36184, stack(0x0000003e98100000,0x0000003e98200000) (1024K)]
  0x000001a3684ebc30 JavaThread "Notification Thread"        daemon [_thread_blocked, id=8716, stack(0x0000003e98200000,0x0000003e98300000) (1024K)]
  0x000001a368e70470 JavaThread "Active Thread: Equinox Container: a7747b1a-ca86-4efe-b391-6d2f3b5be472"        [_thread_blocked, id=18488, stack(0x0000003e98a00000,0x0000003e98b00000) (1024K)]
  0x000001a368e605b0 JavaThread "Refresh Thread: Equinox Container: a7747b1a-ca86-4efe-b391-6d2f3b5be472" daemon [_thread_blocked, id=14848, stack(0x0000003e98000000,0x0000003e98100000) (1024K)]
  0x000001a36914d330 JavaThread "Framework Event Dispatcher: Equinox Container: a7747b1a-ca86-4efe-b391-6d2f3b5be472" daemon [_thread_blocked, id=11280, stack(0x0000003e98b00000,0x0000003e98c00000) (1024K)]
  0x000001a368ec59f0 JavaThread "Start Level: Equinox Container: a7747b1a-ca86-4efe-b391-6d2f3b5be472" daemon [_thread_blocked, id=32568, stack(0x0000003e98c00000,0x0000003e98d00000) (1024K)]
  0x000001a3693b8090 JavaThread "Bundle File Closer"         daemon [_thread_blocked, id=37508, stack(0x0000003e99000000,0x0000003e99100000) (1024K)]
  0x000001a36925aa30 JavaThread "SCR Component Actor"        daemon [_thread_blocked, id=39804, stack(0x0000003e98d00000,0x0000003e98e00000) (1024K)]
  0x000001a36882f930 JavaThread "Worker-JM"                         [_thread_blocked, id=27540, stack(0x0000003e99100000,0x0000003e99200000) (1024K)]
  0x000001a3687cc680 JavaThread "JNA Cleaner"                daemon [_thread_blocked, id=39300, stack(0x0000003e99200000,0x0000003e99300000) (1024K)]
  0x000001a3692ec130 JavaThread "Worker-0"                          [_thread_blocked, id=37668, stack(0x0000003e99300000,0x0000003e99400000) (1024K)]
  0x000001a3692eef20 JavaThread "Java indexing"              daemon [_thread_blocked, id=18316, stack(0x0000003e99900000,0x0000003e99a00000) (1024K)]
  0x000001a3692edb70 JavaThread "Worker-5"                          [_thread_blocked, id=38564, stack(0x0000003e99d00000,0x0000003e99e00000) (1024K)]
  0x000001a3692ef5b0 JavaThread "Thread-1"                   daemon [_thread_in_native, id=34812, stack(0x0000003e99e00000,0x0000003e99f00000) (1024K)]
  0x000001a36c30de50 JavaThread "Thread-2"                   daemon [_thread_in_native, id=24344, stack(0x0000003e99f00000,0x0000003e9a000000) (1024K)]
  0x000001a36c30d7c0 JavaThread "Thread-3"                   daemon [_thread_in_native, id=32384, stack(0x0000003e9a000000,0x0000003e9a100000) (1024K)]
  0x000001a36c30bd80 JavaThread "Thread-4"                   daemon [_thread_in_native, id=31976, stack(0x0000003e9a100000,0x0000003e9a200000) (1024K)]
  0x000001a36c30caa0 JavaThread "Thread-5"                   daemon [_thread_in_native, id=8272, stack(0x0000003e9a200000,0x0000003e9a300000) (1024K)]
  0x000001a36c30e4e0 JavaThread "Thread-6"                   daemon [_thread_in_native, id=9468, stack(0x0000003e9a300000,0x0000003e9a400000) (1024K)]
  0x000001a36c30b060 JavaThread "Thread-7"                   daemon [_thread_in_native, id=21496, stack(0x0000003e9a400000,0x0000003e9a500000) (1024K)]
  0x000001a36c30eb70 JavaThread "Thread-8"                   daemon [_thread_in_native, id=31504, stack(0x0000003e9a500000,0x0000003e9a600000) (1024K)]
  0x000001a36c30c410 JavaThread "Thread-9"                   daemon [_thread_in_native, id=37604, stack(0x0000003e9a600000,0x0000003e9a700000) (1024K)]
  0x000001a36c30d130 JavaThread "Thread-10"                  daemon [_thread_in_native, id=36652, stack(0x0000003e9a700000,0x0000003e9a800000) (1024K)]
  0x000001a36c30b6f0 JavaThread "Thread-11"                  daemon [_thread_in_native, id=30124, stack(0x0000003e9a800000,0x0000003e9a900000) (1024K)]
  0x000001a36c30ff20 JavaThread "Thread-12"                  daemon [_thread_in_native, id=1092, stack(0x0000003e9a900000,0x0000003e9aa00000) (1024K)]
  0x000001a36c311ff0 JavaThread "Thread-13"                  daemon [_thread_in_native, id=18924, stack(0x0000003e9aa00000,0x0000003e9ab00000) (1024K)]
  0x000001a36c3112d0 JavaThread "pool-2-thread-1"                   [_thread_blocked, id=35564, stack(0x0000003e9ab00000,0x0000003e9ac00000) (1024K)]
  0x000001a36c30f890 JavaThread "Timer-0"                           [_thread_blocked, id=27148, stack(0x0000003e9ac00000,0x0000003e9ad00000) (1024K)]
  0x000001a36c311960 JavaThread "Timer-1"                           [_thread_blocked, id=37960, stack(0x0000003e9ad00000,0x0000003e9ae00000) (1024K)]
  0x000001a36c310c40 JavaThread "WorkspaceEventsHandler"            [_thread_blocked, id=24464, stack(0x0000003e9ae00000,0x0000003e9af00000) (1024K)]
  0x000001a3692ee200 JavaThread "pool-1-thread-1"                   [_thread_blocked, id=36432, stack(0x0000003e9af00000,0x0000003e9b000000) (1024K)]
  0x000001a36d432040 JavaThread "ForkJoinPool.commonPool-worker-1" daemon [_thread_blocked, id=35032, stack(0x0000003e9b100000,0x0000003e9b200000) (1024K)]
  0x000001a36d431320 JavaThread "Timer-2"                           [_thread_blocked, id=17676, stack(0x0000003e9b300000,0x0000003e9b400000) (1024K)]
  0x000001a36d4347a0 JavaThread "Timer-3"                           [_thread_blocked, id=21740, stack(0x0000003e9b000000,0x0000003e9b100000) (1024K)]
  0x000001a36d4326d0 JavaThread "Timer-4"                           [_thread_blocked, id=15120, stack(0x0000003e9b400000,0x0000003e9b500000) (1024K)]
  0x000001a36d434110 JavaThread "Timer-5"                           [_thread_blocked, id=9816, stack(0x0000003e9b500000,0x0000003e9b600000) (1024K)]
  0x000001a36d433a80 JavaThread "Timer-6"                           [_thread_blocked, id=36504, stack(0x0000003e9b600000,0x0000003e9b700000) (1024K)]
  0x000001a36d4361e0 JavaThread "Timer-7"                           [_thread_blocked, id=28884, stack(0x0000003e9b700000,0x0000003e9b800000) (1024K)]
  0x000001a36d436f00 JavaThread "Timer-8"                           [_thread_blocked, id=11016, stack(0x0000003e97200000,0x0000003e97300000) (1024K)]
  0x000001a36d436870 JavaThread "Timer-9"                           [_thread_blocked, id=31196, stack(0x0000003e97300000,0x0000003e97400000) (1024K)]
  0x000001a36d4354c0 JavaThread "Timer-10"                          [_thread_blocked, id=22636, stack(0x0000003e99400000,0x0000003e99500000) (1024K)]
  0x000001a36d437590 JavaThread "Timer-11"                          [_thread_blocked, id=30436, stack(0x0000003e99700000,0x0000003e99800000) (1024K)]
  0x000001a36d1006e0 JavaThread "ForkJoinPool.commonPool-worker-4" daemon [_thread_blocked, id=24368, stack(0x0000003e9ba00000,0x0000003e9bb00000) (1024K)]
  0x000001a36d100050 JavaThread "ForkJoinPool.commonPool-worker-6" daemon [_thread_blocked, id=31468, stack(0x0000003e9bc00000,0x0000003e9bd00000) (1024K)]
Total: 53

Other Threads:
  0x000001a30a514530 VMThread "VM Thread"                           [id=39264, stack(0x0000003e97700000,0x0000003e97800000) (1024K)]
  0x000001a30a40ca00 WatcherThread "VM Periodic Task Thread"        [id=39880, stack(0x0000003e97600000,0x0000003e97700000) (1024K)]
  0x000001a30a599aa0 WorkerThread "GC Thread#0"                     [id=16008, stack(0x0000003e97500000,0x0000003e97600000) (1024K)]
  0x000001a368b0ecc0 WorkerThread "GC Thread#1"                     [id=4060, stack(0x0000003e98300000,0x0000003e98400000) (1024K)]
  0x000001a368540190 WorkerThread "GC Thread#2"                     [id=30512, stack(0x0000003e98400000,0x0000003e98500000) (1024K)]
  0x000001a368df2f40 WorkerThread "GC Thread#3"                     [id=33444, stack(0x0000003e98500000,0x0000003e98600000) (1024K)]
  0x000001a368ba1cd0 WorkerThread "GC Thread#4"                     [id=16500, stack(0x0000003e98600000,0x0000003e98700000) (1024K)]
  0x000001a368bebb50 WorkerThread "GC Thread#5"                     [id=25620, stack(0x0000003e98700000,0x0000003e98800000) (1024K)]
  0x000001a368bec700 WorkerThread "GC Thread#6"                     [id=20280, stack(0x0000003e98800000,0x0000003e98900000) (1024K)]
  0x000001a368e61250 WorkerThread "GC Thread#7"                     [id=28156, stack(0x0000003e98900000,0x0000003e98a00000) (1024K)]
  0x000001a368dac720 WorkerThread "GC Thread#8"                     [id=3288, stack(0x0000003e98e00000,0x0000003e98f00000) (1024K)]
  0x000001a368daadc0 WorkerThread "GC Thread#9"                     [id=34168, stack(0x0000003e98f00000,0x0000003e99000000) (1024K)]
Total: 12

Threads with active compile tasks:
Total: 0

VM state: not at safepoint (normal execution)

VM Mutex/Monitor currently owned by a thread: None

Heap address: 0x0000000080000000, size: 2048 MB, Compressed Oops mode: 32-bit

CDS archive(s) mapped at: [0x000001a321000000-0x000001a321ba0000-0x000001a321ba0000), size 12189696, SharedBaseAddress: 0x000001a321000000, ArchiveRelocationMode: 1.
Compressed class space mapped at: 0x000001a322000000-0x000001a362000000, reserved size: 1073741824
Narrow klass base: 0x000001a321000000, Narrow klass shift: 0, Narrow klass range: 0x100000000

GC Precious Log:
 CardTable entry size: 512
 CPUs: 12 total, 12 available
 Memory: 16068M
 Large Page Support: Disabled
 NUMA Support: Disabled
 Compressed Oops: Enabled (32-bit)
 Alignments: Space 512K, Generation 512K, Heap 2M
 Heap Min Capacity: 100M
 Heap Initial Capacity: 100M
 Heap Max Capacity: 2G
 Pre-touch: Disabled
 Parallel Workers: 10

Heap:
 PSYoungGen      total 22528K, used 20493K [0x00000000d5580000, 0x00000000d7080000, 0x0000000100000000)
  eden space 22016K, 92% used [0x00000000d5580000,0x00000000d695b508,0x00000000d6b00000)
  from space 512K, 31% used [0x00000000d7000000,0x00000000d7028000,0x00000000d7080000)
  to   space 512K, 0% used [0x00000000d6f80000,0x00000000d6f80000,0x00000000d7000000)
 ParOldGen       total 68608K, used 44220K [0x0000000080000000, 0x0000000084300000, 0x00000000d5580000)
  object space 68608K, 64% used [0x0000000080000000,0x0000000082b2f3c8,0x0000000084300000)
 Metaspace       used 65491K, committed 66944K, reserved 1114112K
  class space    used 8289K, committed 8960K, reserved 1048576K

Card table byte_map: [0x000001a309f20000,0x000001a30a330000] _byte_map_base: 0x000001a309b20000

Marking Bits: (ParMarkBitMap*) 0x00007ffc1e012460
 Begin Bits: [0x000001a31ca30000, 0x000001a31ea30000)
 End Bits:   [0x000001a31ea30000, 0x000001a320a30000)

Polling page: 0x000001a3083a0000

Metaspace:

Usage:
  Non-class:     55.86 MB used.
      Class:      8.10 MB used.
       Both:     63.96 MB used.

Virtual space:
  Non-class space:       64.00 MB reserved,      56.62 MB ( 88%) committed,  1 nodes.
      Class space:        1.00 GB reserved,       8.75 MB ( <1%) committed,  1 nodes.
             Both:        1.06 GB reserved,      65.38 MB (  6%) committed. 

Chunk freelists:
   Non-Class:  7.02 MB
       Class:  7.22 MB
        Both:  14.23 MB

MaxMetaspaceSize: unlimited
CompressedClassSpaceSize: 1.00 GB
Initial GC threshold: 21.00 MB
Current GC threshold: 97.31 MB
CDS: on
 - commit_granule_bytes: 65536.
 - commit_granule_words: 8192.
 - virtual_space_node_default_size: 8388608.
 - enlarge_chunks_in_place: 1.
 - use_allocation_guard: 0.


Internal statistics:

num_allocs_failed_limit: 9.
num_arena_births: 1266.
num_arena_deaths: 14.
num_vsnodes_births: 2.
num_vsnodes_deaths: 0.
num_space_committed: 1046.
num_space_uncommitted: 0.
num_chunks_returned_to_freelist: 23.
num_chunks_taken_from_freelist: 4407.
num_chunk_merges: 14.
num_chunk_splits: 2656.
num_chunks_enlarged: 1424.
num_inconsistent_stats: 0.

CodeHeap 'non-profiled nmethods': size=120000Kb used=5951Kb max_used=5951Kb free=114048Kb
 bounds [0x000001a315250000, 0x000001a315820000, 0x000001a31c780000]
CodeHeap 'profiled nmethods': size=120000Kb used=15284Kb max_used=15284Kb free=104715Kb
 bounds [0x000001a30d780000, 0x000001a30e670000, 0x000001a314cb0000]
CodeHeap 'non-nmethods': size=5760Kb used=1390Kb max_used=1449Kb free=4369Kb
 bounds [0x000001a314cb0000, 0x000001a314f20000, 0x000001a315250000]
CodeCache: size=245760Kb, used=22625Kb, max_used=22684Kb, free=223132Kb
 total_blobs=8405, nmethods=7710, adapters=601, full_count=0
Compilation: enabled, stopped_count=0, restarted_count=0

Compilation events (20 events):
Event: 134.186 Thread 0x000001a368045350 8414       3       org.eclipse.core.runtime.Path::removeFirstSegments (91 bytes)
Event: 134.187 Thread 0x000001a368045350 nmethod 8414 0x000001a30e66b990 code [0x000001a30e66bbc0, 0x000001a30e66c2f0]
Event: 134.187 Thread 0x000001a368045350 8412       3       org.eclipse.core.internal.events.ResourceDelta::isPhantom (36 bytes)
Event: 134.187 Thread 0x000001a368045350 nmethod 8412 0x000001a30e66c590 code [0x000001a30e66c760, 0x000001a30e66cb50]
Event: 134.187 Thread 0x000001a368045350 8413       1       org.eclipse.core.internal.events.ResourceDelta::getFullPath (5 bytes)
Event: 134.187 Thread 0x000001a368045350 nmethod 8413 0x000001a31581e290 code [0x000001a31581e420, 0x000001a31581e4e8]
Event: 134.187 Thread 0x000001a368045350 8415       1       org.eclipse.core.runtime.spi.RegistryContributor::getId (5 bytes)
Event: 134.187 Thread 0x000001a368045350 nmethod 8415 0x000001a31581e590 code [0x000001a31581e720, 0x000001a31581e7e8]
Event: 249.265 Thread 0x000001a368017f30 8416   !   4       java.lang.Object::wait (50 bytes)
Event: 249.267 Thread 0x000001a368017f30 nmethod 8416 0x000001a31581e890 code [0x000001a31581ea60, 0x000001a31581ec20]
Event: 252.859 Thread 0x000001a368045350 8417       3       java.lang.Module::getClassLoader (20 bytes)
Event: 252.859 Thread 0x000001a368045350 nmethod 8417 0x000001a30e66cc90 code [0x000001a30e66ce40, 0x000001a30e66d038]
Event: 279.281 Thread 0x000001a368017f30 8418       4       java.util.TaskQueue::fixDown (108 bytes)
Event: 279.282 Thread 0x000001a368017f30 nmethod 8418 0x000001a31581ee90 code [0x000001a31581f020, 0x000001a31581f0d8]
Event: 279.978 Thread 0x000001a368017f30 8419       4       java.util.TaskQueue::rescheduleMin (16 bytes)
Event: 279.979 Thread 0x000001a368017f30 nmethod 8419 0x000001a31581f190 code [0x000001a31581f320, 0x000001a31581f430]
Event: 280.106 Thread 0x000001a368017f30 8420       4       org.eclipse.buildship.core.internal.util.progress.RateLimitingProgressMonitor$1::run (55 bytes)
Event: 280.110 Thread 0x000001a368017f30 nmethod 8420 0x000001a31581f590 code [0x000001a31581f760, 0x000001a31581f980]
Event: 293.142 Thread 0x000001a368017f30 8421       4       java.util.concurrent.ThreadPoolExecutor::runStateAtLeast (11 bytes)
Event: 293.143 Thread 0x000001a368017f30 nmethod 8421 0x000001a31581fb90 code [0x000001a31581fd00, 0x000001a31581fd78]

GC Heap History (20 events):
Event: 132.362 GC heap before
{Heap before GC invocations=90 (full 3):
 PSYoungGen      total 22528K, used 22240K [0x00000000d5580000, 0x00000000d7080000, 0x0000000100000000)
  eden space 22016K, 100% used [0x00000000d5580000,0x00000000d6b00000,0x00000000d6b00000)
  from space 512K, 43% used [0x00000000d7000000,0x00000000d7038000,0x00000000d7080000)
  to   space 512K, 0% used [0x00000000d6f80000,0x00000000d6f80000,0x00000000d7000000)
 ParOldGen       total 68608K, used 43916K [0x0000000080000000, 0x0000000084300000, 0x00000000d5580000)
  object space 68608K, 64% used [0x0000000080000000,0x0000000082ae33c8,0x0000000084300000)
 Metaspace       used 65371K, committed 66880K, reserved 1114112K
  class space    used 8276K, committed 8960K, reserved 1048576K
}
Event: 132.364 GC heap after
{Heap after GC invocations=90 (full 3):
 PSYoungGen      total 22528K, used 192K [0x00000000d5580000, 0x00000000d7080000, 0x0000000100000000)
  eden space 22016K, 0% used [0x00000000d5580000,0x00000000d5580000,0x00000000d6b00000)
  from space 512K, 37% used [0x00000000d6f80000,0x00000000d6fb0000,0x00000000d7000000)
  to   space 512K, 0% used [0x00000000d7000000,0x00000000d7000000,0x00000000d7080000)
 ParOldGen       total 68608K, used 43964K [0x0000000080000000, 0x0000000084300000, 0x00000000d5580000)
  object space 68608K, 64% used [0x0000000080000000,0x0000000082aef3c8,0x0000000084300000)
 Metaspace       used 65371K, committed 66880K, reserved 1114112K
  class space    used 8276K, committed 8960K, reserved 1048576K
}
Event: 132.479 GC heap before
{Heap before GC invocations=91 (full 3):
 PSYoungGen      total 22528K, used 22208K [0x00000000d5580000, 0x00000000d7080000, 0x0000000100000000)
  eden space 22016K, 100% used [0x00000000d5580000,0x00000000d6b00000,0x00000000d6b00000)
  from space 512K, 37% used [0x00000000d6f80000,0x00000000d6fb0000,0x00000000d7000000)
  to   space 512K, 0% used [0x00000000d7000000,0x00000000d7000000,0x00000000d7080000)
 ParOldGen       total 68608K, used 43964K [0x0000000080000000, 0x0000000084300000, 0x00000000d5580000)
  object space 68608K, 64% used [0x0000000080000000,0x0000000082aef3c8,0x0000000084300000)
 Metaspace       used 65371K, committed 66880K, reserved 1114112K
  class space    used 8276K, committed 8960K, reserved 1048576K
}
Event: 132.481 GC heap after
{Heap after GC invocations=91 (full 3):
 PSYoungGen      total 22528K, used 256K [0x00000000d5580000, 0x00000000d7080000, 0x0000000100000000)
  eden space 22016K, 0% used [0x00000000d5580000,0x00000000d5580000,0x00000000d6b00000)
  from space 512K, 50% used [0x00000000d7000000,0x00000000d7040000,0x00000000d7080000)
  to   space 512K, 0% used [0x00000000d6f80000,0x00000000d6f80000,0x00000000d7000000)
 ParOldGen       total 68608K, used 43988K [0x0000000080000000, 0x0000000084300000, 0x00000000d5580000)
  object space 68608K, 64% used [0x0000000080000000,0x0000000082af53c8,0x0000000084300000)
 Metaspace       used 65371K, committed 66880K, reserved 1114112K
  class space    used 8276K, committed 8960K, reserved 1048576K
}
Event: 132.585 GC heap before
{Heap before GC invocations=92 (full 3):
 PSYoungGen      total 22528K, used 22272K [0x00000000d5580000, 0x00000000d7080000, 0x0000000100000000)
  eden space 22016K, 100% used [0x00000000d5580000,0x00000000d6b00000,0x00000000d6b00000)
  from space 512K, 50% used [0x00000000d7000000,0x00000000d7040000,0x00000000d7080000)
  to   space 512K, 0% used [0x00000000d6f80000,0x00000000d6f80000,0x00000000d7000000)
 ParOldGen       total 68608K, used 43988K [0x0000000080000000, 0x0000000084300000, 0x00000000d5580000)
  object space 68608K, 64% used [0x0000000080000000,0x0000000082af53c8,0x0000000084300000)
 Metaspace       used 65371K, committed 66880K, reserved 1114112K
  class space    used 8276K, committed 8960K, reserved 1048576K
}
Event: 132.586 GC heap after
{Heap after GC invocations=92 (full 3):
 PSYoungGen      total 22528K, used 192K [0x00000000d5580000, 0x00000000d7080000, 0x0000000100000000)
  eden space 22016K, 0% used [0x00000000d5580000,0x00000000d5580000,0x00000000d6b00000)
  from space 512K, 37% used [0x00000000d6f80000,0x00000000d6fb0000,0x00000000d7000000)
  to   space 512K, 0% used [0x00000000d7000000,0x00000000d7000000,0x00000000d7080000)
 ParOldGen       total 68608K, used 44020K [0x0000000080000000, 0x0000000084300000, 0x00000000d5580000)
  object space 68608K, 64% used [0x0000000080000000,0x0000000082afd3c8,0x0000000084300000)
 Metaspace       used 65371K, committed 66880K, reserved 1114112K
  class space    used 8276K, committed 8960K, reserved 1048576K
}
Event: 132.704 GC heap before
{Heap before GC invocations=93 (full 3):
 PSYoungGen      total 22528K, used 22208K [0x00000000d5580000, 0x00000000d7080000, 0x0000000100000000)
  eden space 22016K, 100% used [0x00000000d5580000,0x00000000d6b00000,0x00000000d6b00000)
  from space 512K, 37% used [0x00000000d6f80000,0x00000000d6fb0000,0x00000000d7000000)
  to   space 512K, 0% used [0x00000000d7000000,0x00000000d7000000,0x00000000d7080000)
 ParOldGen       total 68608K, used 44020K [0x0000000080000000, 0x0000000084300000, 0x00000000d5580000)
  object space 68608K, 64% used [0x0000000080000000,0x0000000082afd3c8,0x0000000084300000)
 Metaspace       used 65371K, committed 66880K, reserved 1114112K
  class space    used 8276K, committed 8960K, reserved 1048576K
}
Event: 132.705 GC heap after
{Heap after GC invocations=93 (full 3):
 PSYoungGen      total 22528K, used 160K [0x00000000d5580000, 0x00000000d7080000, 0x0000000100000000)
  eden space 22016K, 0% used [0x00000000d5580000,0x00000000d5580000,0x00000000d6b00000)
  from space 512K, 31% used [0x00000000d7000000,0x00000000d7028000,0x00000000d7080000)
  to   space 512K, 0% used [0x00000000d6f80000,0x00000000d6f80000,0x00000000d7000000)
 ParOldGen       total 68608K, used 44044K [0x0000000080000000, 0x0000000084300000, 0x00000000d5580000)
  object space 68608K, 64% used [0x0000000080000000,0x0000000082b033c8,0x0000000084300000)
 Metaspace       used 65371K, committed 66880K, reserved 1114112K
  class space    used 8276K, committed 8960K, reserved 1048576K
}
Event: 132.801 GC heap before
{Heap before GC invocations=94 (full 3):
 PSYoungGen      total 22528K, used 22176K [0x00000000d5580000, 0x00000000d7080000, 0x0000000100000000)
  eden space 22016K, 100% used [0x00000000d5580000,0x00000000d6b00000,0x00000000d6b00000)
  from space 512K, 31% used [0x00000000d7000000,0x00000000d7028000,0x00000000d7080000)
  to   space 512K, 0% used [0x00000000d6f80000,0x00000000d6f80000,0x00000000d7000000)
 ParOldGen       total 68608K, used 44044K [0x0000000080000000, 0x0000000084300000, 0x00000000d5580000)
  object space 68608K, 64% used [0x0000000080000000,0x0000000082b033c8,0x0000000084300000)
 Metaspace       used 65371K, committed 66880K, reserved 1114112K
  class space    used 8276K, committed 8960K, reserved 1048576K
}
Event: 132.802 GC heap after
{Heap after GC invocations=94 (full 3):
 PSYoungGen      total 22528K, used 256K [0x00000000d5580000, 0x00000000d7080000, 0x0000000100000000)
  eden space 22016K, 0% used [0x00000000d5580000,0x00000000d5580000,0x00000000d6b00000)
  from space 512K, 50% used [0x00000000d6f80000,0x00000000d6fc0000,0x00000000d7000000)
  to   space 512K, 0% used [0x00000000d7000000,0x00000000d7000000,0x00000000d7080000)
 ParOldGen       total 68608K, used 44084K [0x0000000080000000, 0x0000000084300000, 0x00000000d5580000)
  object space 68608K, 64% used [0x0000000080000000,0x0000000082b0d3c8,0x0000000084300000)
 Metaspace       used 65371K, committed 66880K, reserved 1114112K
  class space    used 8276K, committed 8960K, reserved 1048576K
}
Event: 132.890 GC heap before
{Heap before GC invocations=95 (full 3):
 PSYoungGen      total 22528K, used 22272K [0x00000000d5580000, 0x00000000d7080000, 0x0000000100000000)
  eden space 22016K, 100% used [0x00000000d5580000,0x00000000d6b00000,0x00000000d6b00000)
  from space 512K, 50% used [0x00000000d6f80000,0x00000000d6fc0000,0x00000000d7000000)
  to   space 512K, 0% used [0x00000000d7000000,0x00000000d7000000,0x00000000d7080000)
 ParOldGen       total 68608K, used 44084K [0x0000000080000000, 0x0000000084300000, 0x00000000d5580000)
  object space 68608K, 64% used [0x0000000080000000,0x0000000082b0d3c8,0x0000000084300000)
 Metaspace       used 65371K, committed 66880K, reserved 1114112K
  class space    used 8276K, committed 8960K, reserved 1048576K
}
Event: 132.891 GC heap after
{Heap after GC invocations=95 (full 3):
 PSYoungGen      total 22528K, used 256K [0x00000000d5580000, 0x00000000d7080000, 0x0000000100000000)
  eden space 22016K, 0% used [0x00000000d5580000,0x00000000d5580000,0x00000000d6b00000)
  from space 512K, 50% used [0x00000000d7000000,0x00000000d7040000,0x00000000d7080000)
  to   space 512K, 0% used [0x00000000d6f80000,0x00000000d6f80000,0x00000000d7000000)
 ParOldGen       total 68608K, used 44116K [0x0000000080000000, 0x0000000084300000, 0x00000000d5580000)
  object space 68608K, 64% used [0x0000000080000000,0x0000000082b153c8,0x0000000084300000)
 Metaspace       used 65371K, committed 66880K, reserved 1114112K
  class space    used 8276K, committed 8960K, reserved 1048576K
}
Event: 132.984 GC heap before
{Heap before GC invocations=96 (full 3):
 PSYoungGen      total 22528K, used 22272K [0x00000000d5580000, 0x00000000d7080000, 0x0000000100000000)
  eden space 22016K, 100% used [0x00000000d5580000,0x00000000d6b00000,0x00000000d6b00000)
  from space 512K, 50% used [0x00000000d7000000,0x00000000d7040000,0x00000000d7080000)
  to   space 512K, 0% used [0x00000000d6f80000,0x00000000d6f80000,0x00000000d7000000)
 ParOldGen       total 68608K, used 44116K [0x0000000080000000, 0x0000000084300000, 0x00000000d5580000)
  object space 68608K, 64% used [0x0000000080000000,0x0000000082b153c8,0x0000000084300000)
 Metaspace       used 65371K, committed 66880K, reserved 1114112K
  class space    used 8276K, committed 8960K, reserved 1048576K
}
Event: 132.985 GC heap after
{Heap after GC invocations=96 (full 3):
 PSYoungGen      total 22528K, used 224K [0x00000000d5580000, 0x00000000d7080000, 0x0000000100000000)
  eden space 22016K, 0% used [0x00000000d5580000,0x00000000d5580000,0x00000000d6b00000)
  from space 512K, 43% used [0x00000000d6f80000,0x00000000d6fb8000,0x00000000d7000000)
  to   space 512K, 0% used [0x00000000d7000000,0x00000000d7000000,0x00000000d7080000)
 ParOldGen       total 68608K, used 44156K [0x0000000080000000, 0x0000000084300000, 0x00000000d5580000)
  object space 68608K, 64% used [0x0000000080000000,0x0000000082b1f3c8,0x0000000084300000)
 Metaspace       used 65371K, committed 66880K, reserved 1114112K
  class space    used 8276K, committed 8960K, reserved 1048576K
}
Event: 133.256 GC heap before
{Heap before GC invocations=97 (full 3):
 PSYoungGen      total 22528K, used 22240K [0x00000000d5580000, 0x00000000d7080000, 0x0000000100000000)
  eden space 22016K, 100% used [0x00000000d5580000,0x00000000d6b00000,0x00000000d6b00000)
  from space 512K, 43% used [0x00000000d6f80000,0x00000000d6fb8000,0x00000000d7000000)
  to   space 512K, 0% used [0x00000000d7000000,0x00000000d7000000,0x00000000d7080000)
 ParOldGen       total 68608K, used 44156K [0x0000000080000000, 0x0000000084300000, 0x00000000d5580000)
  object space 68608K, 64% used [0x0000000080000000,0x0000000082b1f3c8,0x0000000084300000)
 Metaspace       used 65372K, committed 66880K, reserved 1114112K
  class space    used 8276K, committed 8960K, reserved 1048576K
}
Event: 133.257 GC heap after
{Heap after GC invocations=97 (full 3):
 PSYoungGen      total 22528K, used 192K [0x00000000d5580000, 0x00000000d7080000, 0x0000000100000000)
  eden space 22016K, 0% used [0x00000000d5580000,0x00000000d5580000,0x00000000d6b00000)
  from space 512K, 37% used [0x00000000d7000000,0x00000000d7030000,0x00000000d7080000)
  to   space 512K, 0% used [0x00000000d6f80000,0x00000000d6f80000,0x00000000d7000000)
 ParOldGen       total 68608K, used 44172K [0x0000000080000000, 0x0000000084300000, 0x00000000d5580000)
  object space 68608K, 64% used [0x0000000080000000,0x0000000082b233c8,0x0000000084300000)
 Metaspace       used 65372K, committed 66880K, reserved 1114112K
  class space    used 8276K, committed 8960K, reserved 1048576K
}
Event: 133.495 GC heap before
{Heap before GC invocations=98 (full 3):
 PSYoungGen      total 22528K, used 22208K [0x00000000d5580000, 0x00000000d7080000, 0x0000000100000000)
  eden space 22016K, 100% used [0x00000000d5580000,0x00000000d6b00000,0x00000000d6b00000)
  from space 512K, 37% used [0x00000000d7000000,0x00000000d7030000,0x00000000d7080000)
  to   space 512K, 0% used [0x00000000d6f80000,0x00000000d6f80000,0x00000000d7000000)
 ParOldGen       total 68608K, used 44172K [0x0000000080000000, 0x0000000084300000, 0x00000000d5580000)
  object space 68608K, 64% used [0x0000000080000000,0x0000000082b233c8,0x0000000084300000)
 Metaspace       used 65372K, committed 66880K, reserved 1114112K
  class space    used 8276K, committed 8960K, reserved 1048576K
}
Event: 133.496 GC heap after
{Heap after GC invocations=98 (full 3):
 PSYoungGen      total 22528K, used 96K [0x00000000d5580000, 0x00000000d7080000, 0x0000000100000000)
  eden space 22016K, 0% used [0x00000000d5580000,0x00000000d5580000,0x00000000d6b00000)
  from space 512K, 18% used [0x00000000d6f80000,0x00000000d6f98000,0x00000000d7000000)
  to   space 512K, 0% used [0x00000000d7000000,0x00000000d7000000,0x00000000d7080000)
 ParOldGen       total 68608K, used 44220K [0x0000000080000000, 0x0000000084300000, 0x00000000d5580000)
  object space 68608K, 64% used [0x0000000080000000,0x0000000082b2f3c8,0x0000000084300000)
 Metaspace       used 65372K, committed 66880K, reserved 1114112K
  class space    used 8276K, committed 8960K, reserved 1048576K
}
Event: 133.701 GC heap before
{Heap before GC invocations=99 (full 3):
 PSYoungGen      total 22528K, used 22112K [0x00000000d5580000, 0x00000000d7080000, 0x0000000100000000)
  eden space 22016K, 100% used [0x00000000d5580000,0x00000000d6b00000,0x00000000d6b00000)
  from space 512K, 18% used [0x00000000d6f80000,0x00000000d6f98000,0x00000000d7000000)
  to   space 512K, 0% used [0x00000000d7000000,0x00000000d7000000,0x00000000d7080000)
 ParOldGen       total 68608K, used 44220K [0x0000000080000000, 0x0000000084300000, 0x00000000d5580000)
  object space 68608K, 64% used [0x0000000080000000,0x0000000082b2f3c8,0x0000000084300000)
 Metaspace       used 65372K, committed 66880K, reserved 1114112K
  class space    used 8276K, committed 8960K, reserved 1048576K
}
Event: 133.702 GC heap after
{Heap after GC invocations=99 (full 3):
 PSYoungGen      total 22528K, used 160K [0x00000000d5580000, 0x00000000d7080000, 0x0000000100000000)
  eden space 22016K, 0% used [0x00000000d5580000,0x00000000d5580000,0x00000000d6b00000)
  from space 512K, 31% used [0x00000000d7000000,0x00000000d7028000,0x00000000d7080000)
  to   space 512K, 0% used [0x00000000d6f80000,0x00000000d6f80000,0x00000000d7000000)
 ParOldGen       total 68608K, used 44220K [0x0000000080000000, 0x0000000084300000, 0x00000000d5580000)
  object space 68608K, 64% used [0x0000000080000000,0x0000000082b2f3c8,0x0000000084300000)
 Metaspace       used 65372K, committed 66880K, reserved 1114112K
  class space    used 8276K, committed 8960K, reserved 1048576K
}

Dll operation events (15 events):
Event: 0.028 Loaded shared library c:\Users\Dell\.vscode\extensions\redhat.java-1.50.0-win32-x64\jre\21.0.9-win32-x86_64\bin\java.dll
Event: 0.204 Loaded shared library c:\Users\Dell\.vscode\extensions\redhat.java-1.50.0-win32-x64\jre\21.0.9-win32-x86_64\bin\zip.dll
Event: 0.265 Loaded shared library C:\Users\Dell\.vscode\extensions\redhat.java-1.50.0-win32-x64\jre\21.0.9-win32-x86_64\bin\instrument.dll
Event: 0.279 Loaded shared library C:\Users\Dell\.vscode\extensions\redhat.java-1.50.0-win32-x64\jre\21.0.9-win32-x86_64\bin\net.dll
Event: 0.285 Loaded shared library C:\Users\Dell\.vscode\extensions\redhat.java-1.50.0-win32-x64\jre\21.0.9-win32-x86_64\bin\nio.dll
Event: 0.292 Loaded shared library C:\Users\Dell\.vscode\extensions\redhat.java-1.50.0-win32-x64\jre\21.0.9-win32-x86_64\bin\zip.dll
Event: 0.322 Loaded shared library C:\Users\Dell\.vscode\extensions\redhat.java-1.50.0-win32-x64\jre\21.0.9-win32-x86_64\bin\jimage.dll
Event: 0.471 Loaded shared library c:\Users\Dell\.vscode\extensions\redhat.java-1.50.0-win32-x64\jre\21.0.9-win32-x86_64\bin\verify.dll
Event: 3.148 Loaded shared library C:\Users\Dell\AppData\Roaming\Code\User\globalStorage\redhat.java\1.50.0\config_win\org.eclipse.equinox.launcher\org.eclipse.equinox.launcher.win32.win32.x86_64_1.2.1400.v20250801-0854\eclipse_11916.dll
Event: 7.690 Loaded shared library C:\Users\Dell\AppData\Local\Temp\jna-2126305\jna8291741389896039834.dll
Event: 15.484 Loaded shared library C:\Users\Dell\.gradle\native\1def1411415f61bf3af743bc5b6707747c0891f09f0c88961ee8f79bc544acac\windows-amd64\native-platform.dll
Event: 18.765 Loaded shared library C:\Users\Dell\.vscode\extensions\redhat.java-1.50.0-win32-x64\jre\21.0.9-win32-x86_64\bin\management.dll
Event: 18.771 Loaded shared library C:\Users\Dell\.vscode\extensions\redhat.java-1.50.0-win32-x64\jre\21.0.9-win32-x86_64\bin\management_ext.dll
Event: 23.071 Loaded shared library C:\Users\Dell\.vscode\extensions\redhat.java-1.50.0-win32-x64\jre\21.0.9-win32-x86_64\bin\extnet.dll
Event: 28.010 Loaded shared library C:\Users\Dell\.vscode\extensions\redhat.java-1.50.0-win32-x64\jre\21.0.9-win32-x86_64\bin\sunmscapi.dll

Deoptimization events (20 events):
Event: 133.995 Thread 0x000001a36d4382b0 Uncommon trap: trap_request=0xffffffc6 fr.pc=0x000001a3157890dc relative=0x0000000000004a9c
Event: 133.995 Thread 0x000001a36d4382b0 Uncommon trap: reason=bimorphic_or_optimized_type_check action=maybe_recompile pc=0x000001a3157890dc method=java.io.ObjectInputStream$PeekInputStream.peek()I @ 17 c2
Event: 133.995 Thread 0x000001a36d4382b0 DEOPT PACKING pc=0x000001a3157890dc sp=0x0000003e998fe340
Event: 133.995 Thread 0x000001a36d4382b0 DEOPT UNPACKING pc=0x000001a314d03aa2 sp=0x0000003e998fe2a0 mode 2
Event: 133.995 Thread 0x000001a36d4382b0 Uncommon trap: trap_request=0xffffffc6 fr.pc=0x000001a3157890dc relative=0x0000000000004a9c
Event: 133.995 Thread 0x000001a36d4382b0 Uncommon trap: reason=bimorphic_or_optimized_type_check action=maybe_recompile pc=0x000001a3157890dc method=java.io.ObjectInputStream$PeekInputStream.peek()I @ 17 c2
Event: 133.995 Thread 0x000001a36d4382b0 DEOPT PACKING pc=0x000001a3157890dc sp=0x0000003e998fe150
Event: 133.995 Thread 0x000001a36d4382b0 DEOPT UNPACKING pc=0x000001a314d03aa2 sp=0x0000003e998fe0b0 mode 2
Event: 133.995 Thread 0x000001a36d4382b0 Uncommon trap: trap_request=0xffffffc6 fr.pc=0x000001a3157890dc relative=0x0000000000004a9c
Event: 133.995 Thread 0x000001a36d4382b0 Uncommon trap: reason=bimorphic_or_optimized_type_check action=maybe_recompile pc=0x000001a3157890dc method=java.io.ObjectInputStream$PeekInputStream.peek()I @ 17 c2
Event: 133.995 Thread 0x000001a36d4382b0 DEOPT PACKING pc=0x000001a3157890dc sp=0x0000003e998fdf60
Event: 133.995 Thread 0x000001a36d4382b0 DEOPT UNPACKING pc=0x000001a314d03aa2 sp=0x0000003e998fdec0 mode 2
Event: 133.995 Thread 0x000001a36d4382b0 Uncommon trap: trap_request=0xffffffc6 fr.pc=0x000001a3157890dc relative=0x0000000000004a9c
Event: 133.995 Thread 0x000001a36d4382b0 Uncommon trap: reason=bimorphic_or_optimized_type_check action=maybe_recompile pc=0x000001a3157890dc method=java.io.ObjectInputStream$PeekInputStream.peek()I @ 17 c2
Event: 133.995 Thread 0x000001a36d4382b0 DEOPT PACKING pc=0x000001a3157890dc sp=0x0000003e998fdd70
Event: 133.995 Thread 0x000001a36d4382b0 DEOPT UNPACKING pc=0x000001a314d03aa2 sp=0x0000003e998fdcd0 mode 2
Event: 134.025 Thread 0x000001a3692edb70 DEOPT PACKING pc=0x000001a30e53007e sp=0x0000003e99dfe080
Event: 134.025 Thread 0x000001a3692edb70 DEOPT UNPACKING pc=0x000001a314d04242 sp=0x0000003e99dfd518 mode 0
Event: 134.025 Thread 0x000001a3692edb70 DEOPT PACKING pc=0x000001a30e53007e sp=0x0000003e99dfe080
Event: 134.025 Thread 0x000001a3692edb70 DEOPT UNPACKING pc=0x000001a314d04242 sp=0x0000003e99dfd518 mode 0

Classes loaded (20 events):
Event: 122.801 Loading class java/security/DigestInputStream
Event: 122.802 Loading class java/security/DigestInputStream done
Event: 129.822 Loading class java/util/Collections$SynchronizedRandomAccessList
Event: 129.822 Loading class java/util/Collections$SynchronizedList
Event: 129.822 Loading class java/util/Collections$SynchronizedList done
Event: 129.823 Loading class java/util/Collections$SynchronizedRandomAccessList done
Event: 129.869 Loading class java/util/concurrent/CompletableFuture$Signaller
Event: 129.870 Loading class java/util/concurrent/CompletableFuture$Signaller done
Event: 129.928 Loading class java/nio/file/InvalidPathException
Event: 129.929 Loading class java/nio/file/InvalidPathException done
Event: 129.952 Loading class java/util/concurrent/CompletableFuture$UniApply
Event: 129.952 Loading class java/util/concurrent/CompletableFuture$UniCompletion
Event: 129.953 Loading class java/util/concurrent/CompletableFuture$UniCompletion done
Event: 129.953 Loading class java/util/concurrent/CompletableFuture$UniApply done
Event: 129.958 Loading class java/util/concurrent/CompletableFuture$UniAccept
Event: 129.959 Loading class java/util/concurrent/CompletableFuture$UniAccept done
Event: 129.959 Loading class java/util/concurrent/CompletableFuture$UniExceptionally
Event: 129.959 Loading class java/util/concurrent/CompletableFuture$UniExceptionally done
Event: 130.022 Loading class java/io/SequenceInputStream
Event: 130.022 Loading class java/io/SequenceInputStream done

Classes unloaded (7 events):
Event: 9.767 Thread 0x000001a30a514530 Unloading class 0x000001a3221a3000 'java/lang/invoke/LambdaForm$MH+0x000001a3221a3000'
Event: 9.767 Thread 0x000001a30a514530 Unloading class 0x000001a3221a2c00 'java/lang/invoke/LambdaForm$MH+0x000001a3221a2c00'
Event: 9.767 Thread 0x000001a30a514530 Unloading class 0x000001a3221a2800 'java/lang/invoke/LambdaForm$MH+0x000001a3221a2800'
Event: 9.767 Thread 0x000001a30a514530 Unloading class 0x000001a3221a2400 'java/lang/invoke/LambdaForm$MH+0x000001a3221a2400'
Event: 9.767 Thread 0x000001a30a514530 Unloading class 0x000001a3221a2000 'java/lang/invoke/LambdaForm$BMH+0x000001a3221a2000'
Event: 9.767 Thread 0x000001a30a514530 Unloading class 0x000001a3221a1c00 'java/lang/invoke/LambdaForm$DMH+0x000001a3221a1c00'
Event: 9.767 Thread 0x000001a30a514530 Unloading class 0x000001a3221a0800 'java/lang/invoke/LambdaForm$DMH+0x000001a3221a0800'

Classes redefined (0 events):
No events

Internal exceptions (20 events):
Event: 129.714 Thread 0x000001a3692ec7c0 Exception <a 'sun/nio/fs/WindowsException'{0x00000000d58de5b0}> (0x00000000d58de5b0) 
thrown [s\src\hotspot\share\prims\jni.cpp, line 520]
Event: 129.714 Thread 0x000001a3692ec7c0 Exception <a 'sun/nio/fs/WindowsException'{0x00000000d58e1bd0}> (0x00000000d58e1bd0) 
thrown [s\src\hotspot\share\prims\jni.cpp, line 520]
Event: 129.714 Thread 0x000001a3692ec7c0 Exception <a 'sun/nio/fs/WindowsException'{0x00000000d58e4e80}> (0x00000000d58e4e80) 
thrown [s\src\hotspot\share\prims\jni.cpp, line 520]
Event: 129.715 Thread 0x000001a3692ec7c0 Exception <a 'sun/nio/fs/WindowsException'{0x00000000d58e8900}> (0x00000000d58e8900) 
thrown [s\src\hotspot\share\prims\jni.cpp, line 520]
Event: 129.715 Thread 0x000001a3692ec7c0 Exception <a 'sun/nio/fs/WindowsException'{0x00000000d58ec0e8}> (0x00000000d58ec0e8) 
thrown [s\src\hotspot\share\prims\jni.cpp, line 520]
Event: 129.715 Thread 0x000001a3692ec7c0 Exception <a 'sun/nio/fs/WindowsException'{0x00000000d58efa50}> (0x00000000d58efa50) 
thrown [s\src\hotspot\share\prims\jni.cpp, line 520]
Event: 129.716 Thread 0x000001a3692ec7c0 Exception <a 'sun/nio/fs/WindowsException'{0x00000000d58f2b60}> (0x00000000d58f2b60) 
thrown [s\src\hotspot\share\prims\jni.cpp, line 520]
Event: 129.716 Thread 0x000001a3692ec7c0 Exception <a 'sun/nio/fs/WindowsException'{0x00000000d58f6100}> (0x00000000d58f6100) 
thrown [s\src\hotspot\share\prims\jni.cpp, line 520]
Event: 129.754 Thread 0x000001a3692ee200 Exception <a 'sun/nio/fs/WindowsException'{0x00000000d5a40bb8}> (0x00000000d5a40bb8) 
thrown [s\src\hotspot\share\prims\jni.cpp, line 520]
Event: 129.754 Thread 0x000001a3692ee200 Exception <a 'sun/nio/fs/WindowsException'{0x00000000d5a41520}> (0x00000000d5a41520) 
thrown [s\src\hotspot\share\prims\jni.cpp, line 520]
Event: 129.757 Thread 0x000001a3692ee200 Exception <a 'sun/nio/fs/WindowsException'{0x00000000d5a456e0}> (0x00000000d5a456e0) 
thrown [s\src\hotspot\share\prims\jni.cpp, line 520]
Event: 129.757 Thread 0x000001a3692ee200 Exception <a 'sun/nio/fs/WindowsException'{0x00000000d5a4adf8}> (0x00000000d5a4adf8) 
thrown [s\src\hotspot\share\prims\jni.cpp, line 520]
Event: 129.807 Thread 0x000001a3692ee200 Exception <a 'sun/nio/fs/WindowsException'{0x00000000d5e943c8}> (0x00000000d5e943c8) 
thrown [s\src\hotspot\share\prims\jni.cpp, line 520]
Event: 129.807 Thread 0x000001a3692ee200 Exception <a 'sun/nio/fs/WindowsException'{0x00000000d5e95368}> (0x00000000d5e95368) 
thrown [s\src\hotspot\share\prims\jni.cpp, line 520]
Event: 129.810 Thread 0x000001a3692ee200 Exception <a 'sun/nio/fs/WindowsException'{0x00000000d5eab480}> (0x00000000d5eab480) 
thrown [s\src\hotspot\share\prims\jni.cpp, line 520]
Event: 129.811 Thread 0x000001a3692ee200 Exception <a 'sun/nio/fs/WindowsException'{0x00000000d5eac100}> (0x00000000d5eac100) 
thrown [s\src\hotspot\share\prims\jni.cpp, line 520]
Event: 129.947 Thread 0x000001a3692ee200 Exception <a 'java/lang/IncompatibleClassChangeError'{0x00000000d646d060}: Found class java.lang.Object, but interface was expected> (0x00000000d646d060) 
thrown [s\src\hotspot\share\interpreter\linkResolver.cpp, line 840]
Event: 129.949 Thread 0x000001a3692ec130 Exception <a 'java/lang/NoSuchMethodError'{0x00000000d647c958}: 'java.lang.Object java.lang.invoke.DirectMethodHandle$Holder.invokeStatic(java.lang.Object, java.lang.Object, int, java.lang.Object)'> (0x00000000d647c958) 
thrown [s\src\hotspot\share\interpreter\linkResolver.cpp, line 773]
Event: 130.078 Thread 0x000001a3692ec130 Exception <a 'java/io/FileNotFoundException'{0x00000000d6abf8c8}> (0x00000000d6abf8c8) 
thrown [s\src\hotspot\share\prims\jni.cpp, line 520]
Event: 130.078 Thread 0x000001a3692ec130 Exception <a 'java/io/FileNotFoundException'{0x00000000d6ac0628}> (0x00000000d6ac0628) 
thrown [s\src\hotspot\share\prims\jni.cpp, line 520]

ZGC Phase Switch (0 events):
No events

VM Operations (20 events):
Event: 132.704 Executing VM operation: ParallelGCFailedAllocation (Allocation Failure)
Event: 132.705 Executing VM operation: ParallelGCFailedAllocation (Allocation Failure) done
Event: 132.801 Executing VM operation: ParallelGCFailedAllocation (Allocation Failure)
Event: 132.802 Executing VM operation: ParallelGCFailedAllocation (Allocation Failure) done
Event: 132.890 Executing VM operation: ParallelGCFailedAllocation (Allocation Failure)
Event: 132.891 Executing VM operation: ParallelGCFailedAllocation (Allocation Failure) done
Event: 132.984 Executing VM operation: ParallelGCFailedAllocation (Allocation Failure)
Event: 132.985 Executing VM operation: ParallelGCFailedAllocation (Allocation Failure) done
Event: 133.256 Executing VM operation: ParallelGCFailedAllocation (Allocation Failure)
Event: 133.257 Executing VM operation: ParallelGCFailedAllocation (Allocation Failure) done
Event: 133.495 Executing VM operation: ParallelGCFailedAllocation (Allocation Failure)
Event: 133.496 Executing VM operation: ParallelGCFailedAllocation (Allocation Failure) done
Event: 133.701 Executing VM operation: ParallelGCFailedAllocation (Allocation Failure)
Event: 133.702 Executing VM operation: ParallelGCFailedAllocation (Allocation Failure) done
Event: 134.703 Executing VM operation: Cleanup
Event: 134.703 Executing VM operation: Cleanup done
Event: 180.540 Executing VM operation: HandshakeAllThreads (HandshakeForDeflation)
Event: 180.541 Executing VM operation: HandshakeAllThreads (HandshakeForDeflation) done
Event: 180.541 Executing VM operation: RendezvousGCThreads
Event: 180.541 Executing VM operation: RendezvousGCThreads done

Memory protections (0 events):
No events

Nmethod flushes (20 events):
Event: 20.724 Thread 0x000001a30a514530 flushing  nmethod 0x000001a30dfe4b90
Event: 20.724 Thread 0x000001a30a514530 flushing  nmethod 0x000001a30dfe4f90
Event: 20.724 Thread 0x000001a30a514530 flushing  nmethod 0x000001a30dfe7090
Event: 20.724 Thread 0x000001a30a514530 flushing  nmethod 0x000001a30dfe8390
Event: 20.724 Thread 0x000001a30a514530 flushing  nmethod 0x000001a30dfe8710
Event: 20.724 Thread 0x000001a30a514530 flushing  nmethod 0x000001a30dfe9b90
Event: 20.724 Thread 0x000001a30a514530 flushing  nmethod 0x000001a30dfec110
Event: 20.724 Thread 0x000001a30a514530 flushing  nmethod 0x000001a30dfece10
Event: 20.724 Thread 0x000001a30a514530 flushing  nmethod 0x000001a30dfed310
Event: 20.724 Thread 0x000001a30a514530 flushing  nmethod 0x000001a30dff0590
Event: 20.724 Thread 0x000001a30a514530 flushing  nmethod 0x000001a30dff0910
Event: 20.724 Thread 0x000001a30a514530 flushing  nmethod 0x000001a30dff0c90
Event: 20.724 Thread 0x000001a30a514530 flushing  nmethod 0x000001a30dff1510
Event: 20.724 Thread 0x000001a30a514530 flushing  nmethod 0x000001a30dff1910
Event: 20.724 Thread 0x000001a30a514530 flushing  nmethod 0x000001a30dff2610
Event: 20.724 Thread 0x000001a30a514530 flushing  nmethod 0x000001a30dff3110
Event: 20.724 Thread 0x000001a30a514530 flushing  nmethod 0x000001a30e001690
Event: 20.724 Thread 0x000001a30a514530 flushing  nmethod 0x000001a30e003910
Event: 20.724 Thread 0x000001a30a514530 flushing  nmethod 0x000001a30e03f410
Event: 20.724 Thread 0x000001a30a514530 flushing  nmethod 0x000001a30e041590

Events (20 events):
Event: 129.758 Thread 0x000001a3692edb70 Thread added: 0x000001a36d437590
Event: 129.779 Thread 0x000001a36d437590 Thread exited: 0x000001a36d437590
Event: 129.780 Thread 0x000001a3692edb70 Thread added: 0x000001a36d437590
Event: 129.782 Thread 0x000001a3692edb70 Thread added: 0x000001a36d4382b0
Event: 129.809 Thread 0x000001a368045350 Thread added: 0x000001a36df68910
Event: 129.821 Thread 0x000001a36d4382b0 Thread added: 0x000001a3692ece50
Event: 129.914 Thread 0x000001a36d432040 Thread added: 0x000001a3692ed4e0
Event: 129.962 Thread 0x000001a3692ee200 Thread added: 0x000001a36d1006e0
Event: 129.967 Thread 0x000001a36d1006e0 Thread added: 0x000001a36d102120
Event: 129.976 Thread 0x000001a3692ee200 Thread added: 0x000001a36d100050
Event: 130.505 Thread 0x000001a36df68910 Thread exited: 0x000001a36df68910
Event: 130.622 Thread 0x000001a36b289d00 Thread exited: 0x000001a36b289d00
Event: 130.752 Thread 0x000001a3692ee890 Thread exited: 0x000001a3692ee890
Event: 133.994 Thread 0x000001a3692ece50 Thread exited: 0x000001a3692ece50
Event: 134.000 Thread 0x000001a36d4382b0 Thread exited: 0x000001a36d4382b0
Event: 134.028 Thread 0x000001a368045350 Thread added: 0x000001a36b289d00
Event: 134.173 Thread 0x000001a36b289d00 Thread exited: 0x000001a36b289d00
Event: 190.010 Thread 0x000001a36d102120 Thread exited: 0x000001a36d102120
Event: 194.179 Thread 0x000001a3692ec7c0 Thread exited: 0x000001a3692ec7c0
Event: 250.015 Thread 0x000001a3692ed4e0 Thread exited: 0x000001a3692ed4e0


Dynamic libraries:
0x00007ff61c690000 - 0x00007ff61c69e000 	c:\Users\Dell\.vscode\extensions\redhat.java-1.50.0-win32-x64\jre\21.0.9-win32-x86_64\bin\java.exe
0x00007ffcb4c00000 - 0x00007ffcb4e68000 	C:\WINDOWS\SYSTEM32\ntdll.dll
0x00007ffcb4670000 - 0x00007ffcb4739000 	C:\WINDOWS\System32\KERNEL32.DLL
0x00007ffcb1e80000 - 0x00007ffcb2278000 	C:\WINDOWS\System32\KERNELBASE.dll
0x00007ffcb2330000 - 0x00007ffcb247b000 	C:\WINDOWS\System32\ucrtbase.dll
0x00007ffc92f70000 - 0x00007ffc92f8e000 	c:\Users\Dell\.vscode\extensions\redhat.java-1.50.0-win32-x64\jre\21.0.9-win32-x86_64\bin\VCRUNTIME140.dll
0x00007ffc92160000 - 0x00007ffc92178000 	c:\Users\Dell\.vscode\extensions\redhat.java-1.50.0-win32-x64\jre\21.0.9-win32-x86_64\bin\jli.dll
0x00007ffcb36b0000 - 0x00007ffcb3877000 	C:\WINDOWS\System32\USER32.dll
0x00007ffc915c0000 - 0x00007ffc91854000 	C:\WINDOWS\WinSxS\amd64_microsoft.windows.common-controls_6595b64144ccf1df_6.0.26100.7019_none_3e06ffa0e335b8a8\COMCTL32.dll
0x00007ffcb2530000 - 0x00007ffcb2557000 	C:\WINDOWS\System32\win32u.dll
0x00007ffcb42f0000 - 0x00007ffcb4399000 	C:\WINDOWS\System32\msvcrt.dll
0x00007ffcb42c0000 - 0x00007ffcb42eb000 	C:\WINDOWS\System32\GDI32.dll
0x00007ffcb1d50000 - 0x00007ffcb1e7c000 	C:\WINDOWS\System32\gdi32full.dll
0x00007ffcb2280000 - 0x00007ffcb2323000 	C:\WINDOWS\System32\msvcp_win.dll
0x00007ffcb3310000 - 0x00007ffcb3341000 	C:\WINDOWS\System32\IMM32.DLL
0x00007ffc93d10000 - 0x00007ffc93d1c000 	c:\Users\Dell\.vscode\extensions\redhat.java-1.50.0-win32-x64\jre\21.0.9-win32-x86_64\bin\vcruntime140_1.dll
0x00007ffc57870000 - 0x00007ffc578fd000 	c:\Users\Dell\.vscode\extensions\redhat.java-1.50.0-win32-x64\jre\21.0.9-win32-x86_64\bin\msvcp140.dll
0x00007ffc1d350000 - 0x00007ffc1e0f0000 	c:\Users\Dell\.vscode\extensions\redhat.java-1.50.0-win32-x64\jre\21.0.9-win32-x86_64\bin\server\jvm.dll
0x00007ffcb4540000 - 0x00007ffcb45f4000 	C:\WINDOWS\System32\ADVAPI32.dll
0x00007ffcb3240000 - 0x00007ffcb32e6000 	C:\WINDOWS\System32\sechost.dll
0x00007ffcb40e0000 - 0x00007ffcb41f8000 	C:\WINDOWS\System32\RPCRT4.dll
0x00007ffcb29a0000 - 0x00007ffcb2a14000 	C:\WINDOWS\System32\WS2_32.dll
0x00007ffcb1bd0000 - 0x00007ffcb1c2e000 	C:\WINDOWS\SYSTEM32\POWRPROF.dll
0x00007ffcae9d0000 - 0x00007ffcaea05000 	C:\WINDOWS\SYSTEM32\WINMM.dll
0x00007ffca0b00000 - 0x00007ffca0b0b000 	C:\WINDOWS\SYSTEM32\VERSION.dll
0x00007ffcb1bb0000 - 0x00007ffcb1bc4000 	C:\WINDOWS\SYSTEM32\UMPDC.dll
0x00007ffcb0b10000 - 0x00007ffcb0b2b000 	C:\WINDOWS\SYSTEM32\kernel.appcore.dll
0x00007ffc93a10000 - 0x00007ffc93a1a000 	c:\Users\Dell\.vscode\extensions\redhat.java-1.50.0-win32-x64\jre\21.0.9-win32-x86_64\bin\jimage.dll
0x00007ffcaf520000 - 0x00007ffcaf762000 	C:\WINDOWS\SYSTEM32\DBGHELP.DLL
0x00007ffcb4740000 - 0x00007ffcb4acb000 	C:\WINDOWS\System32\combase.dll
0x00007ffcb4000000 - 0x00007ffcb40d7000 	C:\WINDOWS\System32\OLEAUT32.dll
0x00007ffc9ed00000 - 0x00007ffc9ed3c000 	C:\WINDOWS\SYSTEM32\dbgcore.DLL
0x00007ffcb2480000 - 0x00007ffcb2525000 	C:\WINDOWS\System32\bcryptPrimitives.dll
0x00007ffc90100000 - 0x00007ffc9010f000 	c:\Users\Dell\.vscode\extensions\redhat.java-1.50.0-win32-x64\jre\21.0.9-win32-x86_64\bin\instrument.dll
0x00007ffc90240000 - 0x00007ffc90260000 	c:\Users\Dell\.vscode\extensions\redhat.java-1.50.0-win32-x64\jre\21.0.9-win32-x86_64\bin\java.dll
0x00007ffcb3880000 - 0x00007ffcb3fcf000 	C:\WINDOWS\System32\SHELL32.dll
0x00007ffcb2560000 - 0x00007ffcb26cb000 	C:\WINDOWS\System32\wintypes.dll
0x00007ffcaf950000 - 0x00007ffcb01ad000 	C:\WINDOWS\SYSTEM32\windows.storage.dll
0x00007ffcb35b0000 - 0x00007ffcb36a2000 	C:\WINDOWS\System32\SHCORE.dll
0x00007ffcb4600000 - 0x00007ffcb4667000 	C:\WINDOWS\System32\shlwapi.dll
0x00007ffcb1c70000 - 0x00007ffcb1c99000 	C:\WINDOWS\SYSTEM32\profapi.dll
0x00007ffc8fda0000 - 0x00007ffc8fdb8000 	c:\Users\Dell\.vscode\extensions\redhat.java-1.50.0-win32-x64\jre\21.0.9-win32-x86_64\bin\zip.dll
0x00007ffc93820000 - 0x00007ffc93830000 	C:\Users\Dell\.vscode\extensions\redhat.java-1.50.0-win32-x64\jre\21.0.9-win32-x86_64\bin\net.dll
0x00007ffca7650000 - 0x00007ffca7778000 	C:\WINDOWS\SYSTEM32\WINHTTP.dll
0x00007ffcb1080000 - 0x00007ffcb10eb000 	C:\WINDOWS\system32\mswsock.dll
0x00007ffc8fab0000 - 0x00007ffc8fac6000 	C:\Users\Dell\.vscode\extensions\redhat.java-1.50.0-win32-x64\jre\21.0.9-win32-x86_64\bin\nio.dll
0x00007ffc8afb0000 - 0x00007ffc8afc0000 	c:\Users\Dell\.vscode\extensions\redhat.java-1.50.0-win32-x64\jre\21.0.9-win32-x86_64\bin\verify.dll
0x00007ffc8ffa0000 - 0x00007ffc8ffe4000 	C:\Users\Dell\AppData\Roaming\Code\User\globalStorage\redhat.java\1.50.0\config_win\org.eclipse.equinox.launcher\org.eclipse.equinox.launcher.win32.win32.x86_64_1.2.1400.v20250801-0854\eclipse_11916.dll
0x00007ffcb2a20000 - 0x00007ffcb2bb7000 	C:\WINDOWS\System32\ole32.dll
0x00007ffcb1340000 - 0x00007ffcb135b000 	C:\WINDOWS\SYSTEM32\CRYPTSP.dll
0x00007ffcb0a70000 - 0x00007ffcb0aaa000 	C:\WINDOWS\system32\rsaenh.dll
0x00007ffcb1130000 - 0x00007ffcb115b000 	C:\WINDOWS\SYSTEM32\USERENV.dll
0x00007ffcb1c40000 - 0x00007ffcb1c6a000 	C:\WINDOWS\SYSTEM32\bcrypt.dll
0x00007ffcb1360000 - 0x00007ffcb136c000 	C:\WINDOWS\SYSTEM32\CRYPTBASE.dll
0x00007ffcb05b0000 - 0x00007ffcb05e4000 	C:\WINDOWS\SYSTEM32\IPHLPAPI.DLL
0x00007ffcb3fe0000 - 0x00007ffcb3fea000 	C:\WINDOWS\System32\NSI.dll
0x00007ffc797d0000 - 0x00007ffc79819000 	C:\Users\Dell\AppData\Local\Temp\jna-2126305\jna8291741389896039834.dll
0x00007ffcb3ff0000 - 0x00007ffcb3ff8000 	C:\WINDOWS\System32\PSAPI.DLL
0x00007ffca79d0000 - 0x00007ffca79ee000 	C:\WINDOWS\SYSTEM32\dhcpcsvc6.DLL
0x00007ffca78a0000 - 0x00007ffca78c3000 	C:\WINDOWS\SYSTEM32\dhcpcsvc.DLL
0x00007ffc8afd0000 - 0x00007ffc8aff7000 	C:\Users\Dell\.gradle\native\1def1411415f61bf3af743bc5b6707747c0891f09f0c88961ee8f79bc544acac\windows-amd64\native-platform.dll
0x00007ffc93470000 - 0x00007ffc9347a000 	C:\Users\Dell\.vscode\extensions\redhat.java-1.50.0-win32-x64\jre\21.0.9-win32-x86_64\bin\management.dll
0x00007ffc931b0000 - 0x00007ffc931bc000 	C:\Users\Dell\.vscode\extensions\redhat.java-1.50.0-win32-x64\jre\21.0.9-win32-x86_64\bin\management_ext.dll
0x00007ffc90110000 - 0x00007ffc90119000 	C:\Users\Dell\.vscode\extensions\redhat.java-1.50.0-win32-x64\jre\21.0.9-win32-x86_64\bin\extnet.dll
0x00007ffc8afc0000 - 0x00007ffc8afce000 	C:\Users\Dell\.vscode\extensions\redhat.java-1.50.0-win32-x64\jre\21.0.9-win32-x86_64\bin\sunmscapi.dll
0x00007ffcb2820000 - 0x00007ffcb2997000 	C:\WINDOWS\System32\CRYPT32.dll
0x00007ffcb1560000 - 0x00007ffcb1590000 	C:\WINDOWS\SYSTEM32\ncrypt.dll
0x00007ffcb1510000 - 0x00007ffcb154f000 	C:\WINDOWS\SYSTEM32\NTASN1.dll
0x00007ffc88470000 - 0x00007ffc88478000 	C:\WINDOWS\system32\wshunix.dll

JVMTI agents:
c:\Users\Dell\.vscode\extensions\redhat.java-1.50.0-win32-x64\lombok\lombok-1.18.39-4050.jar path:c:\Users\Dell\.vscode\extensions\redhat.java-1.50.0-win32-x64\jre\21.0.9-win32-x86_64\bin\instrument.dll, loaded, initialized, instrumentlib options:none

dbghelp: loaded successfully - version: 4.0.5 - missing functions: none
symbol engine: initialized successfully - sym options: 0x614 - pdb path: .;c:\Users\Dell\.vscode\extensions\redhat.java-1.50.0-win32-x64\jre\21.0.9-win32-x86_64\bin;C:\WINDOWS\SYSTEM32;C:\WINDOWS\WinSxS\amd64_microsoft.windows.common-controls_6595b64144ccf1df_6.0.26100.7019_none_3e06ffa0e335b8a8;c:\Users\Dell\.vscode\extensions\redhat.java-1.50.0-win32-x64\jre\21.0.9-win32-x86_64\bin\server;C:\Users\Dell\AppData\Roaming\Code\User\globalStorage\redhat.java\1.50.0\config_win\org.eclipse.equinox.launcher\org.eclipse.equinox.launcher.win32.win32.x86_64_1.2.1400.v20250801-0854;C:\Users\Dell\AppData\Local\Temp\jna-2126305;C:\Users\Dell\.gradle\native\1def1411415f61bf3af743bc5b6707747c0891f09f0c88961ee8f79bc544acac\windows-amd64

VM Arguments:
jvm_args: --add-modules=ALL-SYSTEM --add-opens=java.base/java.util=ALL-UNNAMED --add-opens=java.base/java.lang=ALL-UNNAMED --add-opens=java.base/sun.nio.fs=ALL-UNNAMED -Declipse.application=org.eclipse.jdt.ls.core.id1 -Dosgi.bundles.defaultStartLevel=4 -Declipse.product=org.eclipse.jdt.ls.core.product -Djava.import.generatesMetadataFilesAtProjectRoot=false -DDetectVMInstallationsJob.disabled=true -Dfile.encoding=utf8 -XX:+UseParallelGC -XX:GCTimeRatio=4 -XX:AdaptiveSizePolicyWeight=90 -Dsun.zip.disableMemoryMapping=true -Xmx2G -Xms100m -Xlog:disable -javaagent:c:\Users\Dell\.vscode\extensions\redhat.java-1.50.0-win32-x64\lombok\lombok-1.18.39-4050.jar -XX:+HeapDumpOnOutOfMemoryError -XX:HeapDumpPath=c:\Users\Dell\AppData\Roaming\Code\User\workspaceStorage\0c53051756315096c60e39baff050304\redhat.java -Daether.dependencyCollector.impl=bf 
java_command: c:\Users\Dell\.vscode\extensions\redhat.java-1.50.0-win32-x64\server\plugins\org.eclipse.equinox.launcher_1.7.100.v20251111-0406.jar -configuration c:\Users\Dell\AppData\Roaming\Code\User\globalStorage\redhat.java\1.50.0\config_win -data c:\Users\Dell\AppData\Roaming\Code\User\workspaceStorage\0c53051756315096c60e39baff050304\redhat.java\jdt_ws --pipe=\\.\pipe\lsp-380706c3eed7572ee3068078f6f4f74b-sock
java_class_path (initial): c:\Users\Dell\.vscode\extensions\redhat.java-1.50.0-win32-x64\server\plugins\org.eclipse.equinox.launcher_1.7.100.v20251111-0406.jar
Launcher Type: SUN_STANDARD

[Global flags]
    uintx AdaptiveSizePolicyWeight                 = 90                                        {product} {command line}
     intx CICompilerCount                          = 4                                         {product} {ergonomic}
    uintx GCTimeRatio                              = 4                                         {product} {command line}
     bool HeapDumpOnOutOfMemoryError               = true                                   {manageable} {command line}
    ccstr HeapDumpPath                             = c:\Users\Dell\AppData\Roaming\Code\User\workspaceStorage\0c53051756315096c60e39baff050304\redhat.java         {manageable} {command line}
   size_t InitialHeapSize                          = 104857600                                 {product} {command line}
   size_t MaxHeapSize                              = 2147483648                                {product} {command line}
   size_t MaxNewSize                               = 715653120                                 {product} {ergonomic}
   size_t MinHeapDeltaBytes                        = 524288                                    {product} {ergonomic}
   size_t MinHeapSize                              = 104857600                                 {product} {command line}
   size_t NewSize                                  = 34603008                                  {product} {ergonomic}
    uintx NonNMethodCodeHeapSize                   = 5839372                                {pd product} {ergonomic}
    uintx NonProfiledCodeHeapSize                  = 122909434                              {pd product} {ergonomic}
   size_t OldSize                                  = 70254592                                  {product} {ergonomic}
    uintx ProfiledCodeHeapSize                     = 122909434                              {pd product} {ergonomic}
    uintx ReservedCodeCacheSize                    = 251658240                              {pd product} {ergonomic}
     bool SegmentedCodeCache                       = true                                      {product} {ergonomic}
   size_t SoftMaxHeapSize                          = 2147483648                             {manageable} {ergonomic}
     bool UseCompressedOops                        = true                           {product lp64_product} {ergonomic}
     bool UseLargePagesIndividualAllocation        = false                                  {pd product} {ergonomic}
     bool UseParallelGC                            = true                                      {product} {command line}

Logging:
Log output configuration:
 #0: stdout all=off uptime,level,tags foldmultilines=false
 #1: stderr all=off uptime,level,tags foldmultilines=false

Release file:
JAVA_VERSION="21.0.9" 
MODULES="java.base java.compiler java.datatransfer java.xml java.prefs java.desktop java.instrument java.logging java.management java.security.sasl java.naming java.rmi java.management.rmi java.net.http java.scripting java.security.jgss java.transaction.xa java.sql java.sql.rowset java.xml.crypto java.se java.smartcardio jdk.accessibility jdk.internal.jvmstat jdk.attach jdk.charsets jdk.internal.opt jdk.zipfs jdk.compiler jdk.crypto.ec jdk.crypto.cryptoki jdk.crypto.mscapi jdk.dynalink jdk.internal.ed jdk.editpad jdk.hotspot.agent jdk.httpserver jdk.internal.le jdk.internal.vm.ci jdk.internal.vm.compiler jdk.internal.vm.compiler.management jdk.jartool jdk.javadoc jdk.jcmd jdk.management jdk.management.agent jdk.jconsole jdk.jdeps jdk.jdwp.agent jdk.jdi jdk.jfr jdk.jshell jdk.jsobject jdk.jstatd jdk.localedata jdk.management.jfr jdk.naming.dns jdk.naming.rmi jdk.net jdk.nio.mapmode jdk.random jdk.sctp jdk.security.auth jdk.security.jgss jdk.unsupported jdk.unsupported.desktop jdk.xml.dom" 

Environment Variables:
JAVA_HOME=C:\Program Files\Eclipse Adoptium\jdk-17.0.13.11-hotspot\
PATH=C:\Program Files\Eclipse Adoptium\jdk-17.0.13.11-hotspot\bin;C:\WINDOWS\system32;C:\WINDOWS;C:\WINDOWS\System32\Wbem;C:\WINDOWS\System32\WindowsPowerShell\v1.0\;C:\WINDOWS\System32\OpenSSH\;C:\Program Files\dotnet\;C:\msys64\mingw64\bin;C:\Program Files\nodejs\;C:\Program Files\Git\cmd;C:\Users\Dell\AppData\Local\Programs\Python\Python313\Scripts\;C:\Users\Dell\AppData\Local\Programs\Python\Python313\;C:\Users\Dell\AppData\Local\Microsoft\WindowsApps;C:\Users\Dell\AppData\Local\Programs\Microsoft VS Code\bin;C:\Users\Dell\AppData\Roaming\npm;C:\Users\DARSHAN\Documents\flutter\bin;C:\Users\Dell\Documents\DARSHAN\flutter\bin;
USERNAME=Dell
OS=Windows_NT
PROCESSOR_IDENTIFIER=Intel64 Family 6 Model 154 Stepping 4, GenuineIntel
TMP=C:\Users\Dell\AppData\Local\Temp
TEMP=C:\Users\Dell\AppData\Local\Temp




Periodic native trim disabled

---------------  S Y S T E M  ---------------

OS:
 Windows 11 , 64 bit Build 26100 (10.0.26100.7019)
OS uptime: 6 days 10:18 hours
Hyper-V role detected

CPU: total 12 (initial active 12) (6 cores per cpu, 2 threads per core) family 6 model 154 stepping 4 microcode 0x437, cx8, cmov, fxsr, ht, mmx, 3dnowpref, sse, sse2, sse3, ssse3, sse4.1, sse4.2, popcnt, lzcnt, tsc, tscinvbit, avx, avx2, aes, erms, clmul, bmi1, bmi2, adx, sha, fma, vzeroupper, clflush, clflushopt, clwb, hv, serialize, rdtscp, rdpid, fsrm, f16c, cet_ibt, cet_ss
Processor Information for the first 12 processors :
  Max Mhz: 1300, Current Mhz: 1300, Mhz Limit: 1300

Memory: 4k page, system-wide physical 16068M (756M free)
TotalPageFile size 25803M (AvailPageFile size 91M)
current process WorkingSet (physical memory assigned to process): 256M, peak: 291M
current process commit charge ("private bytes"): 366M, peak: 399M

vm_info: OpenJDK 64-Bit Server VM (21.0.9+10-LTS) for windows-amd64 JRE (21.0.9+10-LTS), built on 2025-10-21T00:00:00Z by "admin" with unknown MS VC++:1942

END.
